#
# There is insufficient memory for the Java Runtime Environment to continue.
# Native memory allocation (malloc) failed to allocate 1048576 bytes. Error detail: AllocateHeap
# Possible reasons:
#   The system is out of physical RAM or swap space
#   This process is running with CompressedOops enabled, and the Java Heap may be blocking the growth of the native heap
# Possible solutions:
#   Reduce memory load on the system
#   Increase physical memory or swap space
#   Check if swap backing store is full
#   Decrease Java heap size (-Xmx/-Xms)
#   Decrease number of Java threads
#   Decrease Java thread stack sizes (-Xss)
#   Set larger code cache with -XX:ReservedCodeCacheSize=
#   JVM is running with Unscaled Compressed Oops mode in which the Java heap is
#     placed in the first 4GB address space. The Java Heap base address is the
#     maximum limit for the native heap growth. Please use -XX:HeapBaseMinAddress
#     to set the Java Heap base and to place the Java Heap above 4GB virtual address.
# This output file may be truncated or incomplete.
#
#  Out of Memory Error (allocation.cpp:44), pid=9904, tid=2376
#
# JRE version:  (21.0.9+10) (build )
# Java VM: OpenJDK 64-Bit Server VM (21.0.9+10-LTS, mixed mode, sharing, tiered, compressed oops, compressed class ptrs, parallel gc, windows-amd64)
# No core dump will be written. Minidumps are not enabled by default on client versions of Windows
#

---------------  S U M M A R Y ------------

Command Line: --add-modules=ALL-SYSTEM --add-opens=java.base/java.util=ALL-UNNAMED --add-opens=java.base/java.lang=ALL-UNNAMED --add-opens=java.base/sun.nio.fs=ALL-UNNAMED -Declipse.application=org.eclipse.jdt.ls.core.id1 -Dosgi.bundles.defaultStartLevel=4 -Declipse.product=org.eclipse.jdt.ls.core.product -Djava.import.generatesMetadataFilesAtProjectRoot=false -DDetectVMInstallationsJob.disabled=true -Dfile.encoding=utf8 -XX:+UseParallelGC -XX:GCTimeRatio=4 -XX:AdaptiveSizePolicyWeight=90 -Dsun.zip.disableMemoryMapping=true -Xmx2G -Xms100m -Xlog:disable -javaagent:c:\Users\mahar\.vscode\extensions\redhat.java-1.49.0-win32-x64\lombok\lombok-1.18.39-4050.jar -XX:+HeapDumpOnOutOfMemoryError -XX:HeapDumpPath=c:\Users\mahar\AppData\Roaming\Code\User\workspaceStorage\d65640624237a0c54c220f9fdb0f6dd6\redhat.java -Daether.dependencyCollector.impl=bf c:\Users\mahar\.vscode\extensions\redhat.java-1.49.0-win32-x64\server\plugins\org.eclipse.equinox.launcher_1.7.100.v20251111-0406.jar -configuration c:\Users\mahar\AppData\Roaming\Code\User\globalStorage\redhat.java\1.49.0\config_win -data c:\Users\mahar\AppData\Roaming\Code\User\workspaceStorage\d65640624237a0c54c220f9fdb0f6dd6\redhat.java\jdt_ws --pipe=\\.\pipe\lsp-9ec3db879f7ae19aa29917166c0ae434-sock

Host: 12th Gen Intel(R) Core(TM) i5-12450H, 12 cores, 7G,  Windows 11 , 64 bit Build 26100 (10.0.26100.7019)
Time: Tue Nov 25 23:41:12 2025 India Standard Time elapsed time: 1.079866 seconds (0d 0h 0m 1s)

---------------  T H R E A D  ---------------

Current thread (0x000001dfca40dca0):  JavaThread "Unknown thread" [_thread_in_vm, id=2376, stack(0x000000d376b00000,0x000000d376c00000) (1024K)]

Stack: [0x000000d376b00000,0x000000d376c00000]
Native frames: (J=compiled Java code, j=interpreted, Vv=VM code, C=native code)
V  [jvm.dll+0x6d6e29]
V  [jvm.dll+0x8b4b76]
V  [jvm.dll+0x8b712e]
V  [jvm.dll+0x8b7813]
V  [jvm.dll+0x283d86]
V  [jvm.dll+0xc1277]
V  [jvm.dll+0x70afc0]
V  [jvm.dll+0x70bb2c]
V  [jvm.dll+0x6e59c3]
V  [jvm.dll+0x87e58c]
V  [jvm.dll+0x3c42fc]
V  [jvm.dll+0x86727b]
V  [jvm.dll+0x457391]
V  [jvm.dll+0x458f81]
C  [jli.dll+0x52d0]
C  [ucrtbase.dll+0x37b0]
C  [KERNEL32.DLL+0x2e8d7]
C  [ntdll.dll+0x8c53c]


---------------  P R O C E S S  ---------------

Threads class SMR info:
_java_thread_list=0x000001dfca4347e0, length=1, elements={
0x000001dfca40dca0
}

Java Threads: ( => current thread )
=>0x000001dfca40dca0 JavaThread "Unknown thread"             [_thread_in_vm, id=2376, stack(0x000000d376b00000,0x000000d376c00000) (1024K)]
Total: 1

Other Threads:
  0x000001dfe0d9ca00 WatcherThread "VM Periodic Task Thread"        [id=25320, stack(0x000000d376d00000,0x000000d376e00000) (1024K)]
  0x000001dfca42aef0 WorkerThread "GC Thread#0"                     [id=5660, stack(0x000000d376c00000,0x000000d376d00000) (1024K)]
Total: 2

Threads with active compile tasks:
Total: 0

VM state: not at safepoint (normal execution)

VM Mutex/Monitor currently owned by a thread: None

Heap address: 0x0000000080000000, size: 2048 MB, Compressed Oops mode: 32-bit

CDS archive(s) mapped at: [0x000001df80000000-0x000001df80ba0000-0x000001df80ba0000), size 12189696, SharedBaseAddress: 0x000001df80000000, ArchiveRelocationMode: 1.
Compressed class space mapped at: 0x000001df81000000-0x000001dfc1000000, reserved size: 1073741824
Narrow klass base: 0x000001df80000000, Narrow klass shift: 0, Narrow klass range: 0x100000000

GC Precious Log:
 CardTable entry size: 512
 CPUs: 12 total, 12 available
 Memory: 7812M
 Large Page Support: Disabled
 NUMA Support: Disabled
 Compressed Oops: Enabled (32-bit)
 Alignments: Space 512K, Generation 512K, Heap 2M
 Heap Min Capacity: 100M
 Heap Initial Capacity: 100M
 Heap Max Capacity: 2G
 Pre-touch: Disabled
 Parallel Workers: 10

Heap:
 PSYoungGen      total 29696K, used 512K [0x00000000d5580000, 0x00000000d7680000, 0x0000000100000000)
  eden space 25600K, 2% used [0x00000000d5580000,0x00000000d5600020,0x00000000d6e80000)
  from space 4096K, 0% used [0x00000000d7280000,0x00000000d7280000,0x00000000d7680000)
  to   space 4096K, 0% used [0x00000000d6e80000,0x00000000d6e80000,0x00000000d7280000)
 ParOldGen       total 68608K, used 0K [0x0000000080000000, 0x0000000084300000, 0x00000000d5580000)
  object space 68608K, 0% used [0x0000000080000000,0x0000000080000000,0x0000000084300000)
 Metaspace       used 0K, committed 0K, reserved 1048576K
  class space    used 0K, committed 0K, reserved 1048576K

Card table byte_map: [0x000001dfc9db0000,0x000001dfca1c0000] _byte_map_base: 0x000001dfc99b0000

Marking Bits: (ParMarkBitMap*) 0x00007ffcfa6b2460
 Begin Bits: [0x000001dfdc8c0000, 0x000001dfde8c0000)
 End Bits:   [0x000001dfde8c0000, 0x000001dfe08c0000)

Polling page: 0x000001dfc85e0000

Metaspace:

Usage:
  Non-class:      0 bytes used.
      Class:      0 bytes used.
       Both:      0 bytes used.

Virtual space:
  Non-class space:        0 bytes reserved,       0 bytes (  ?%) committed,  0 nodes.
      Class space:        1.00 GB reserved,       0 bytes (  0%) committed,  1 nodes.
             Both:        1.00 GB reserved,       0 bytes (  0%) committed. 

Chunk freelists:
   Non-Class:  0 bytes
       Class:  16.00 MB
        Both:  16.00 MB

MaxMetaspaceSize: unlimited
CompressedClassSpaceSize: 1.00 GB
Initial GC threshold: 21.00 MB
Current GC threshold: 17179869184.00 GB
CDS: on
 - commit_granule_bytes: 65536.
 - commit_granule_words: 8192.
 - virtual_space_node_default_size: 8388608.
 - enlarge_chunks_in_place: 1.
 - use_allocation_guard: 0.


Internal statistics:

num_allocs_failed_limit: 0.
num_arena_births: 0.
num_arena_deaths: 0.
num_vsnodes_births: 1.
num_vsnodes_deaths: 0.
num_space_committed: 0.
num_space_uncommitted: 0.
num_chunks_returned_to_freelist: 0.
num_chunks_taken_from_freelist: 1.
num_chunk_merges: 0.
num_chunk_splits: 1.
num_chunks_enlarged: 0.
num_inconsistent_stats: 0.

CodeHeap 'non-profiled nmethods': size=120000Kb used=0Kb max_used=0Kb free=120000Kb
 bounds [0x000001dfd50e0000, 0x000001dfd5350000, 0x000001dfdc610000]
CodeHeap 'profiled nmethods': size=120000Kb used=0Kb max_used=0Kb free=120000Kb
 bounds [0x000001dfcd610000, 0x000001dfcd880000, 0x000001dfd4b40000]
CodeHeap 'non-nmethods': size=5760Kb used=194Kb max_used=342Kb free=5565Kb
 bounds [0x000001dfd4b40000, 0x000001dfd4db0000, 0x000001dfd50e0000]
CodeCache: size=245760Kb, used=194Kb, max_used=342Kb, free=245565Kb
 total_blobs=70, nmethods=0, adapters=48, full_count=0
Compilation: enabled, stopped_count=0, restarted_count=0

Compilation events (0 events):
No events

GC Heap History (0 events):
No events

Dll operation events (1 events):
Event: 0.029 Loaded shared library c:\Users\mahar\.vscode\extensions\redhat.java-1.49.0-win32-x64\jre\21.0.9-win32-x86_64\bin\java.dll

Deoptimization events (0 events):
No events

Classes loaded (0 events):
No events

Classes unloaded (0 events):
No events

Classes redefined (0 events):
No events

Internal exceptions (0 events):
No events

ZGC Phase Switch (0 events):
No events

VM Operations (0 events):
No events

Memory protections (0 events):
No events

Nmethod flushes (0 events):
No events

Events (1 events):
Event: 0.073 Thread 0x000001dfca40dca0 Thread added: 0x000001dfca40dca0


Dynamic libraries:
0x00007ff7e8bd0000 - 0x00007ff7e8bde000 	c:\Users\mahar\.vscode\extensions\redhat.java-1.49.0-win32-x64\jre\21.0.9-win32-x86_64\bin\java.exe
0x00007ffd75100000 - 0x00007ffd75368000 	C:\WINDOWS\SYSTEM32\ntdll.dll
0x00007ffd741a0000 - 0x00007ffd74269000 	C:\WINDOWS\System32\KERNEL32.DLL
0x00007ffd725b0000 - 0x00007ffd729a8000 	C:\WINDOWS\System32\KERNELBASE.dll
0x00007ffd72bd0000 - 0x00007ffd72d1b000 	C:\WINDOWS\System32\ucrtbase.dll
0x00007ffd4f4d0000 - 0x00007ffd4f4e8000 	c:\Users\mahar\.vscode\extensions\redhat.java-1.49.0-win32-x64\jre\21.0.9-win32-x86_64\bin\jli.dll
0x00007ffd742e0000 - 0x00007ffd744a7000 	C:\WINDOWS\System32\USER32.dll
0x00007ffd72580000 - 0x00007ffd725a7000 	C:\WINDOWS\System32\win32u.dll
0x00007ffd48fe0000 - 0x00007ffd48ffe000 	c:\Users\mahar\.vscode\extensions\redhat.java-1.49.0-win32-x64\jre\21.0.9-win32-x86_64\bin\VCRUNTIME140.dll
0x00007ffd74170000 - 0x00007ffd7419b000 	C:\WINDOWS\System32\GDI32.dll
0x00007ffd72250000 - 0x00007ffd7237c000 	C:\WINDOWS\System32\gdi32full.dll
0x00007ffd5a070000 - 0x00007ffd5a304000 	C:\WINDOWS\WinSxS\amd64_microsoft.windows.common-controls_6595b64144ccf1df_6.0.26100.7019_none_3e06ffa0e335b8a8\COMCTL32.dll
0x00007ffd72b20000 - 0x00007ffd72bc3000 	C:\WINDOWS\System32\msvcp_win.dll
0x00007ffd740c0000 - 0x00007ffd74169000 	C:\WINDOWS\System32\msvcrt.dll
0x00007ffd73fc0000 - 0x00007ffd73ff1000 	C:\WINDOWS\System32\IMM32.DLL
0x00007ffd6c860000 - 0x00007ffd6c86c000 	c:\Users\mahar\.vscode\extensions\redhat.java-1.49.0-win32-x64\jre\21.0.9-win32-x86_64\bin\vcruntime140_1.dll
0x00007ffd29d80000 - 0x00007ffd29e0d000 	c:\Users\mahar\.vscode\extensions\redhat.java-1.49.0-win32-x64\jre\21.0.9-win32-x86_64\bin\msvcp140.dll
0x00007ffcf99f0000 - 0x00007ffcfa790000 	c:\Users\mahar\.vscode\extensions\redhat.java-1.49.0-win32-x64\jre\21.0.9-win32-x86_64\bin\server\jvm.dll
0x00007ffd74000000 - 0x00007ffd740b4000 	C:\WINDOWS\System32\ADVAPI32.dll
0x00007ffd733d0000 - 0x00007ffd73476000 	C:\WINDOWS\System32\sechost.dll
0x00007ffd732b0000 - 0x00007ffd733c8000 	C:\WINDOWS\System32\RPCRT4.dll
0x00007ffd74770000 - 0x00007ffd747e4000 	C:\WINDOWS\System32\WS2_32.dll
0x00007ffd6a8a0000 - 0x00007ffd6a8ab000 	C:\WINDOWS\SYSTEM32\VERSION.dll
0x00007ffd65b40000 - 0x00007ffd65b75000 	C:\WINDOWS\SYSTEM32\WINMM.dll
0x00007ffd71f10000 - 0x00007ffd71f6e000 	C:\WINDOWS\SYSTEM32\POWRPROF.dll
0x00007ffd71ef0000 - 0x00007ffd71f04000 	C:\WINDOWS\SYSTEM32\UMPDC.dll
0x00007ffd71080000 - 0x00007ffd7109b000 	C:\WINDOWS\SYSTEM32\kernel.appcore.dll
0x00007ffd6ab00000 - 0x00007ffd6ab0a000 	c:\Users\mahar\.vscode\extensions\redhat.java-1.49.0-win32-x64\jre\21.0.9-win32-x86_64\bin\jimage.dll
0x00007ffd6f900000 - 0x00007ffd6fb42000 	C:\WINDOWS\SYSTEM32\DBGHELP.DLL
0x00007ffd74c90000 - 0x00007ffd7501b000 	C:\WINDOWS\System32\combase.dll
0x00007ffd73c30000 - 0x00007ffd73d07000 	C:\WINDOWS\System32\OLEAUT32.dll
0x00007ffd55250000 - 0x00007ffd5528c000 	C:\WINDOWS\SYSTEM32\dbgcore.DLL
0x00007ffd72380000 - 0x00007ffd72425000 	C:\WINDOWS\System32\bcryptPrimitives.dll
0x00007ffd6a040000 - 0x00007ffd6a04f000 	c:\Users\mahar\.vscode\extensions\redhat.java-1.49.0-win32-x64\jre\21.0.9-win32-x86_64\bin\instrument.dll
0x00007ffd40ff0000 - 0x00007ffd41010000 	c:\Users\mahar\.vscode\extensions\redhat.java-1.49.0-win32-x64\jre\21.0.9-win32-x86_64\bin\java.dll

JVMTI agents:
c:\Users\mahar\.vscode\extensions\redhat.java-1.49.0-win32-x64\lombok\lombok-1.18.39-4050.jar path:none, loaded, not initialized, instrumentlib options:none

dbghelp: loaded successfully - version: 4.0.5 - missing functions: none
symbol engine: initialized successfully - sym options: 0x614 - pdb path: .;c:\Users\mahar\.vscode\extensions\redhat.java-1.49.0-win32-x64\jre\21.0.9-win32-x86_64\bin;C:\WINDOWS\SYSTEM32;C:\WINDOWS\WinSxS\amd64_microsoft.windows.common-controls_6595b64144ccf1df_6.0.26100.7019_none_3e06ffa0e335b8a8;c:\Users\mahar\.vscode\extensions\redhat.java-1.49.0-win32-x64\jre\21.0.9-win32-x86_64\bin\server

VM Arguments:
jvm_args: --add-modules=ALL-SYSTEM --add-opens=java.base/java.util=ALL-UNNAMED --add-opens=java.base/java.lang=ALL-UNNAMED --add-opens=java.base/sun.nio.fs=ALL-UNNAMED -Declipse.application=org.eclipse.jdt.ls.core.id1 -Dosgi.bundles.defaultStartLevel=4 -Declipse.product=org.eclipse.jdt.ls.core.product -Djava.import.generatesMetadataFilesAtProjectRoot=false -DDetectVMInstallationsJob.disabled=true -Dfile.encoding=utf8 -XX:+UseParallelGC -XX:GCTimeRatio=4 -XX:AdaptiveSizePolicyWeight=90 -Dsun.zip.disableMemoryMapping=true -Xmx2G -Xms100m -Xlog:disable -javaagent:c:\Users\mahar\.vscode\extensions\redhat.java-1.49.0-win32-x64\lombok\lombok-1.18.39-4050.jar -XX:+HeapDumpOnOutOfMemoryError -XX:HeapDumpPath=c:\Users\mahar\AppData\Roaming\Code\User\workspaceStorage\d65640624237a0c54c220f9fdb0f6dd6\redhat.java -Daether.dependencyCollector.impl=bf 
java_command: c:\Users\mahar\.vscode\extensions\redhat.java-1.49.0-win32-x64\server\plugins\org.eclipse.equinox.launcher_1.7.100.v20251111-0406.jar -configuration c:\Users\mahar\AppData\Roaming\Code\User\globalStorage\redhat.java\1.49.0\config_win -data c:\Users\mahar\AppData\Roaming\Code\User\workspaceStorage\d65640624237a0c54c220f9fdb0f6dd6\redhat.java\jdt_ws --pipe=\\.\pipe\lsp-9ec3db879f7ae19aa29917166c0ae434-sock
java_class_path (initial): c:\Users\mahar\.vscode\extensions\redhat.java-1.49.0-win32-x64\server\plugins\org.eclipse.equinox.launcher_1.7.100.v20251111-0406.jar
Launcher Type: SUN_STANDARD

[Global flags]
    uintx AdaptiveSizePolicyWeight                 = 90                                        {product} {command line}
     intx CICompilerCount                          = 4                                         {product} {ergonomic}
    uintx GCTimeRatio                              = 4                                         {product} {command line}
     bool HeapDumpOnOutOfMemoryError               = true                                   {manageable} {command line}
    ccstr HeapDumpPath                             = c:\Users\mahar\AppData\Roaming\Code\User\workspaceStorage\d65640624237a0c54c220f9fdb0f6dd6\redhat.java         {manageable} {command line}
   size_t InitialHeapSize                          = 104857600                                 {product} {command line}
   size_t MaxHeapSize                              = 2147483648                                {product} {command line}
   size_t MaxNewSize                               = 715653120                                 {product} {ergonomic}
   size_t MinHeapDeltaBytes                        = 524288                                    {product} {ergonomic}
   size_t MinHeapSize                              = 104857600                                 {product} {command line}
   size_t NewSize                                  = 34603008                                  {product} {ergonomic}
    uintx NonNMethodCodeHeapSize                   = 5839372                                {pd product} {ergonomic}
    uintx NonProfiledCodeHeapSize                  = 122909434                              {pd product} {ergonomic}
   size_t OldSize                                  = 70254592                                  {product} {ergonomic}
    uintx ProfiledCodeHeapSize                     = 122909434                              {pd product} {ergonomic}
    uintx ReservedCodeCacheSize                    = 251658240                              {pd product} {ergonomic}
     bool SegmentedCodeCache                       = true                                      {product} {ergonomic}
   size_t SoftMaxHeapSize                          = 2147483648                             {manageable} {ergonomic}
     bool UseCompressedOops                        = true                           {product lp64_product} {ergonomic}
     bool UseLargePagesIndividualAllocation        = false                                  {pd product} {ergonomic}
     bool UseParallelGC                            = true                                      {product} {command line}

Logging:
Log output configuration:
 #0: stdout all=off uptime,level,tags foldmultilines=false
 #1: stderr all=off uptime,level,tags foldmultilines=false

Release file:
<release file has not been read>
Environment Variables:
JAVA_HOME=C:\Program Files\Java\jdk-24
CLASSPATH=C:\Users\mahar\OneDrive\Desktop\BikeMatch pro\BikeMatch pro\mysql-connector-j-8.3.0.jar;C:\Users\mahar\OneDrive\Desktop\BikeMatch pro\BikeMatch pro
PATH=C:\Program Files\Common Files\Oracle\Java\javapath;C:\Program Files (x86)\Common Files\Intel\Shared Libraries\redist\intel64\compiler;C:\Windows\system32;C:\Windows;C:\Windows\System32\Wbem;C:\Windows\System32\WindowsPowerShell\v1.0\;C:\Windows\System32\OpenSSH\;C:\Program Files (x86)\NVIDIA Corporation\PhysX\Common;C:\Program Files\Java\jdk-19\bin;C:\Program Files\dotnet\;C:\WINDOWS\system32;C:\WINDOWS;C:\WINDOWS\System32\Wbem;C:\WINDOWS\System32\WindowsPowerShell\v1.0\;C:\WINDOWS\System32\OpenSSH\;C:\ProgramData\chocolatey\bin;C:\Program Files\java\jdk-19\bin;C:\Program Files\MongoDB\Server\7.0\bin;C:\Program Files\Git\cmd;C:\Program Files\NVIDIA Corporation\NVIDIA app\NvDLISR;C:\Program Files\Meld\;C:\Program Files\nodejs\;C:\mongosh-2.5.7-win32-x64\bin;C:\Program Files\MySQL\MySQL Shell 8.0\bin\;C:\Users\mahar\AppData\Local\Microsoft\WindowsApps;C:\Users\mahar\AppData\Local\Programs\Microsoft VS Code\bin;C:\Users\mahar\AppData\Local\GitHubDesktop\bin;C:\Flutter\flutter\bin;C:\Program Files\Java\jdk-24\bin;C:\Users\mahar\AppData\Roaming\npm
USERNAME=mahar
OS=Windows_NT
PROCESSOR_IDENTIFIER=Intel64 Family 6 Model 154 Stepping 3, GenuineIntel
TMP=C:\Users\mahar\AppData\Local\Temp
TEMP=C:\Users\mahar\AppData\Local\Temp




Periodic native trim disabled

---------------  S Y S T E M  ---------------

OS:
 Windows 11 , 64 bit Build 26100 (10.0.26100.7019)
OS uptime: 8 days 4:15 hours

CPU: total 12 (initial active 12) (12 cores per cpu, 1 threads per core) family 6 model 154 stepping 3 microcode 0x429, cx8, cmov, fxsr, mmx, 3dnowpref, sse, sse2, sse3, ssse3, sse4.1, sse4.2, popcnt, lzcnt, tsc, tscinvbit, avx, avx2, aes, erms, clmul, bmi1, bmi2, adx, sha, fma, vzeroupper, clflush, clflushopt, clwb, serialize, rdtscp, rdpid, fsrm, f16c, pku, cet_ibt, cet_ss
Processor Information for the first 12 processors :
  Max Mhz: 2000, Current Mhz: 2000, Mhz Limit: 2000

Memory: 4k page, system-wide physical 7812M (908M free)
TotalPageFile size 31364M (AvailPageFile size 113M)
current process WorkingSet (physical memory assigned to process): 26M, peak: 26M
current process commit charge ("private bytes"): 204M, peak: 205M

vm_info: OpenJDK 64-Bit Server VM (21.0.9+10-LTS) for windows-amd64 JRE (21.0.9+10-LTS), built on 2025-10-21T00:00:00Z by "admin" with unknown MS VC++:1942

END.
